1688323287450:add-student John Doe 25
1688323298139:addStudent John Doe 25
1688323326697:add-student John Doe 25
1688323349634:add-student Jane Smith 30
1688323360535:view-students
1688323668665:add-student John Doe 25
1688323677012:view-students
1688323686381:delete-student 1
1688323697253:view-stutends
1688323700705:view-students
1688323708603:clear-students
1688323713465:view-students
1720123210250:exit
1720124821394:management
1720124840450:exit
1720465927034:addStudent vasya volkov 37
1720465939114:exit
1720466038408:add misha zubkin 29
1720466060470:exit
1720466117193:add misha zubkin 29
1720466146278:exit
1720466316190:add misha zubkin 29
1720466329217:remove 1
1720466336235:exit
1720466611234:add misha zubkin 29
1720466640360:add vasya barzov 35
1720466676492:add masha gromova 27
1720466687528:print
1720466693557:exit
1720467100676:add misha zubkin 29
1720467141854:print
1720467164938:remove 2
1720467211034:clear
1720467217080:print
1720467236111:exit
1720467419107:add misha zubkin 29
1720467446271:print
1720467457324:remove 3
1720467463408:print
1720467473478:remove 4
1720467478502:print
1720467493523:clear
1720467498638:print
1720467512698:exit
1720467659200:add misha zubkin 29
1720467673312:print
1720467702390:clear
1720467729464:exit
1720467794669:add misha zubkin 29
1720467811780:removeAll
1720467818792:removeall
1720467834825:exit
1720467893750:add misha zubkin 29
1720467905788:print
1720467910829:delete
1720467915874:print
1720467925920:add misha zubkin 29
1720467937995:remove 2
1720467944021:print
1720467957050:exit
1720469169862:add misha zubkin 29
1720469191920:add misha zubkin 17
1720469215003:add misha zubkin35 29
1720469237038:add misha7 zubkin 29
1720469248154:exit
1720469720978:add misha zubkin 29
1720469747088:print
1720469755144:exit
1720469814892:add misha zubkin 29
1720469839945:exit
1720470226916:add misha zubkin 29
1720470237946:add misha zubkin 23
1720470253011:add misha volkov 29
1720470270034:add vasya zubkin 29
1720470275042:print
1720470297178:delete
1720470302202:print
1720470309226:exit
1720470503258:add misha zubkin 29
1720470521367:add vasya zubkin 29
1720470539419:add misha volkov 29
1720470548432:print
1720470572534:delete
1720470576545:exit
1720472124831:add misha zubkin 29
1720472132883:add misha zubkin 25
1720472144950:add misha volkov 29
1720472157023:add vasya zubkin 29
1720472184115:exit
1720472686899:add misha zubkin 29
1720472691917:add misha zubkin 25
1720472709003:add misha zubkin 23
1720472717033:exit
1720473088933:add misha zubkin 29
1720473092992:add misha zubkin 24
1720473103077:add misha zubkin 27
1720473109115:exit
1720473225309:add misha zubkin 29
1720473230321:add misha zubkin 27
1720473236346:add misha zubkin 24
1720473241356:exit
1720473360319:add misha zubkin 29
1720473365327:add misha zubkin 27
1720473371338:exit
1720473599208:add misha zubkin 29
1720473603245:add misha zubkin 27
1720473610328:add misha zubkin 24
1720473616383:exit
1720473664805:add misha zubkin 29
1720473669868:add misha zubkin 27
1720473678905:exit
1720473725393:add misha zubkin 29
1720473729405:add misha zubkin 27
1720473733449:exit
1720473946368:add misha zubkin 29
1720473954410:add misha zubkin 25
1720473974463:exit
1720474020643:add misha zubkin 29
1720474028672:add misha zubkin 27
1720474041727:exit
1720474098951:add misha zubkin 29
1720474103961:add misha zubkin 27
1720474111993:add misha zubkin 25
1720474126010:add misha zubkin 22
1720474146057:exit
1720474225871:add misha zubkin 29
1720474229900:add misha zubkin 27
1720474237911:add misha zubkin 23
1720474251965:exit
1720474556235:add misha zubkin 29
1720474561247:add misha zubkin 27
1720474569265:exit
1720474740307:add misha zubkin 29
1720474745320:add misha zubkin 27
1720474751356:add misha zubkin 24
1720474757369:exit
1720474806023:add misha zubkin 29
1720474811050:add misha zubkin 27
1720474816092:add misha zubkin 24
1720474836226:exit
1720474905225:add misha zubkin 29
1720474909234:add misha zubkin 27
1720474914242:add misha zubkin 26
1720474924261:add misha zubkin 28
1720474933278:add misha zubkin 21
1720474944361:remove 3
1720474950424:print
1720474960527:add misha zubkin 35
1720474969571:exit
1720540159006:add konstantin karpov 8
1720540203380:add konstantin karpov 18
1720540224558:add karpova mariya 21
1720540258818:add nikolay karpov 48
1720540264846:print
1720540281997:remove 2
1720540287038:print
1720540321351:add anna karpova 51
1720540327426:print
1720540368762:remove 1
1720540373802:print
1720540403044:add misha zubkin 29
1720540415122:print
1720540426221:delete
1720540433283:print
1720540442377:add misha zubkin 29
1720540613771:exit
1720547978962:add misha zubkin 29
1720548005130:exit
1720548057597:add misha zubkin 29
1720548176137:add misha zubkin 27
1720548184213:add misha zubkin 37
1720548192295:remove 3
1720548197369:print
1720548207473:delete
1720548211505:exit
1720551140160:add test testov 25
1720551145193:add test testov 26
1720551149222:add test testov 27
1720551153261:add test testov 28
1720551159334:add test testov 29
1720551167458:remove 3
1720551181592:remove 4
1720551188663:add test testov 19
1720551195757:add test testov 47
1720551200793:print
1720551207883:add test testov 55
1720551215958:delete
1720551221001:exit
1720551529569:add misha zubkin 29
1720551548748:add misha zubkin 23
1720551555815:remove 1
1720551560856:print
1720551564920:delete
1720551568950:exit
1720551843145:add misha zubkin 29
1720551849193:add misha zubkin 27
1720551857261:add misha zubkin 18
1720551862300:remove 2
1720551876555:print
1720551883663:delete
1720551887713:exit
1720552139352:add misha zubkin 29
1720552144393:add misha zubkin 25
1720552148413:add misha zubkin 27
1720552156487:remove 3
1720552165559:print
1720552170592:delete
1720552174644:exit
1720552311771:add misha zubkin 29
1720552315802:add misha zubkin 27
1720552320838:add misha zubkin 20
1720552326891:remove 3
1720552329929:print
1720552335986:delete
1720552340038:exit
1720552473976:add misha zubkin 29
1720552479003:add misha zubkin 22
1720552483049:add misha zubkin 26
1720552488079:remove 1
1720552492119:print
1720552496167:delete
1720552499207:exit
1721068856806:add misha zubkin 29
1721068882858:exit
1721070486320:add misha zubkin 29
1721070814846:exit
1721070912095:add misha zubkin 29
1721070928204:exit
1721071056833:add misha zubkin 29
1721071096056:exit
1721071347993:add misha zubkin 29
1721071386046:add misha brocker 27
1721071396072:remove 1
1721071418134:print
1721071433175:help
1721071460277:exit
1721071687656:add misha zubkin 29
1721071699675:exit
1721071841020:add misha zubkin 29
1721071852074:exit
1721072017640:enjoy
1721072031683:add misha zubkin 29
1721072121009:exit
1721072139730:add misha zubkin 29
1721072168790:exit
1721074600370:print
1721074611424:exit
1721077484997:init
1721282315311:print
1721282326400:exit
1721343271933:enjoy
1721343277961:init
1721343295087:print
1721343305154:remove 3
1721343326285:exit
1721595260423:init
1721595317967:exit
